<?xml version="1.0" encoding="UTF-8"?>
<!-- Generated by org.testng.reporters.JUnitReportReporter -->
<testsuite hostname="E053677-VM1" name="test.cases.TimeandLabour.CR3999_Functional.E149_160_ValidateTLSchedulesEditLabelandDescription" tests="1" failures="1" timestamp="31 Jan 2019 20:59:02 GMT" time="92.489" errors="0">
  <testcase name="ValidateTLSchedulesEditLabelandDescription" time="92.489" classname="test.cases.TimeandLabour.CR3999_Functional.E149_160_ValidateTLSchedulesEditLabelandDescription">
    <failure type="java.lang.AssertionError" message="*****TL Schedules Edit Label and  Description Validation Failed ****** ">
      <![CDATA[java.lang.AssertionError: *****TL Schedules Edit Label and  Description Validation Failed ****** 
	at org.testng.Assert.fail(Assert.java:94)
	at processes.TimeandLabour.PWProcess_TLConfigEditProcess.pWProcess_ValidateTLSchedulesEditLabelDescription(PWProcess_TLConfigEditProcess.java:305)
	at test.cases.TimeandLabour.CR3999_Functional.E149_160_ValidateTLSchedulesEditLabelandDescription.ValidateTLSchedulesEditLabelandDescription(E149_160_ValidateTLSchedulesEditLabelandDescription.java:44)
	at sun.reflect.NativeMethodAccessorImpl.invoke0(Native Method)
	at sun.reflect.NativeMethodAccessorImpl.invoke(NativeMethodAccessorImpl.java:62)
	at sun.reflect.DelegatingMethodAccessorImpl.invoke(DelegatingMethodAccessorImpl.java:43)
	at java.lang.reflect.Method.invoke(Method.java:498)
	at org.testng.internal.MethodInvocationHelper.invokeMethod(MethodInvocationHelper.java:85)
	at org.testng.internal.Invoker.invokeMethod(Invoker.java:639)
	at org.testng.internal.Invoker.invokeTestMethod(Invoker.java:816)
	at org.testng.internal.Invoker.invokeTestMethods(Invoker.java:1124)
	at org.testng.internal.TestMethodWorker.invokeTestMethods(TestMethodWorker.java:125)
	at org.testng.internal.TestMethodWorker.run(TestMethodWorker.java:108)
	at org.testng.TestRunner.privateRun(TestRunner.java:774)
	at org.testng.TestRunner.run(TestRunner.java:624)
	at org.testng.SuiteRunner.runTest(SuiteRunner.java:359)
	at org.testng.SuiteRunner.runSequentially(SuiteRunner.java:354)
	at org.testng.SuiteRunner.privateRun(SuiteRunner.java:312)
	at org.testng.SuiteRunner.run(SuiteRunner.java:261)
	at org.testng.SuiteRunnerWorker.runSuite(SuiteRunnerWorker.java:52)
	at org.testng.SuiteRunnerWorker.run(SuiteRunnerWorker.java:86)
	at org.testng.TestNG.runSuitesSequentially(TestNG.java:1191)
	at org.testng.TestNG.runSuitesLocally(TestNG.java:1116)
	at org.testng.TestNG.run(TestNG.java:1024)
	at org.testng.remote.AbstractRemoteTestNG.run(AbstractRemoteTestNG.java:114)
	at org.testng.remote.RemoteTestNG.initAndRun(RemoteTestNG.java:251)
	at org.testng.remote.RemoteTestNG.main(RemoteTestNG.java:77)
]]>
    </failure>
  </testcase> <!-- ValidateTLSchedulesEditLabelandDescription -->
</testsuite> <!-- test.cases.TimeandLabour.CR3999_Functional.E149_160_ValidateTLSchedulesEditLabelandDescription -->
