<html>
<head>
<title>TestNG:  Regression Tests</title>
<link href="../testng.css" rel="stylesheet" type="text/css" />
<link href="../my-testng.css" rel="stylesheet" type="text/css" />

<style type="text/css">
.log { display: none;} 
.stack-trace { display: none;} 
</style>
<script type="text/javascript">
<!--
function flip(e) {
  current = e.style.display;
  if (current == 'block') {
    e.style.display = 'none';
    return 0;
  }
  else {
    e.style.display = 'block';
    return 1;
  }
}

function toggleBox(szDivId, elem, msg1, msg2)
{
  var res = -1;  if (document.getElementById) {
    res = flip(document.getElementById(szDivId));
  }
  else if (document.all) {
    // this is the way old msie versions work
    res = flip(document.all[szDivId]);
  }
  if(elem) {
    if(res == 0) elem.innerHTML = msg1; else elem.innerHTML = msg2;
  }

}

function toggleAllBoxes() {
  if (document.getElementsByTagName) {
    d = document.getElementsByTagName('div');
    for (i = 0; i < d.length; i++) {
      if (d[i].className == 'log') {
        flip(d[i]);
      }
    }
  }
}

// -->
</script>

</head>
<body>
<h2 align='center'>Regression Tests</h2><table border='1' align="center">
<tr>
<td>Tests passed/Failed/Skipped:</td><td>22/9/0</td>
</tr><tr>
<td>Started on:</td><td>Fri Feb 01 01:21:16 EST 2019</td>
</tr>
<tr><td>Total time:</td><td>4067 seconds (4067920 ms)</td>
</tr><tr>
<td>Included groups:</td><td></td>
</tr><tr>
<td>Excluded groups:</td><td></td>
</tr>
</table><p/>
<small><i>(Hover the method name to see the test class name)</i></small><p/>
<table width='100%' border='1' class='invocation-failed'>
<tr><td colspan='4' align='center'><b>FAILED TESTS</b></td></tr>
<tr><td><b>Test method</b></td>
<td width="30%"><b>Exception</b></td>
<td width="10%"><b>Time (seconds)</b></td>
<td><b>Instance</b></td>
</tr>
<tr>
<td title='test.cases.TimeandLabour.Create_exceptionPWTLX001_FT_Exception_37_5_Test.EnterTimeToCreateException()'><b>EnterTimeToCreateException</b><br>Test class: test.cases.TimeandLabour.Create_exceptionPWTLX001_FT_Exception_37_5_Test<br>Test method: Enter Time Sheet  Test  for 37.5 PT Posative Time Reporter Test</td>
<td><div><pre>java.lang.NullPointerException
	at utilities.ExcelUtils.setCellData(ExcelUtils.java:65)
	at test.cases.TimeandLabour.Create_exceptionPWTLX001_FT_Exception_37_5_Test.EnterTimeToCreateException(Create_exceptionPWTLX001_FT_Exception_37_5_Test.java:60)
... Removed 24 stack frames</pre></div><a href='#' onClick='toggleBox("stack-trace756262976", this, "Click to show all stack frames", "Click to hide stack frames")'>Click to show all stack frames</a>
<div class='stack-trace' id='stack-trace756262976'><pre>java.lang.NullPointerException
	at utilities.ExcelUtils.setCellData(ExcelUtils.java:65)
	at test.cases.TimeandLabour.Create_exceptionPWTLX001_FT_Exception_37_5_Test.EnterTimeToCreateException(Create_exceptionPWTLX001_FT_Exception_37_5_Test.java:60)
	at sun.reflect.NativeMethodAccessorImpl.invoke0(Native Method)
	at sun.reflect.NativeMethodAccessorImpl.invoke(NativeMethodAccessorImpl.java:62)
	at sun.reflect.DelegatingMethodAccessorImpl.invoke(DelegatingMethodAccessorImpl.java:43)
	at java.lang.reflect.Method.invoke(Method.java:498)
	at org.testng.internal.MethodInvocationHelper.invokeMethod(MethodInvocationHelper.java:85)
	at org.testng.internal.Invoker.invokeMethod(Invoker.java:639)
	at org.testng.internal.Invoker.invokeTestMethod(Invoker.java:816)
	at org.testng.internal.Invoker.invokeTestMethods(Invoker.java:1124)
	at org.testng.internal.TestMethodWorker.invokeTestMethods(TestMethodWorker.java:125)
	at org.testng.internal.TestMethodWorker.run(TestMethodWorker.java:108)
	at org.testng.TestRunner.privateRun(TestRunner.java:774)
	at org.testng.TestRunner.run(TestRunner.java:624)
	at org.testng.SuiteRunner.runTest(SuiteRunner.java:359)
	at org.testng.SuiteRunner.runSequentially(SuiteRunner.java:354)
	at org.testng.SuiteRunner.privateRun(SuiteRunner.java:312)
	at org.testng.SuiteRunner.run(SuiteRunner.java:261)
	at org.testng.SuiteRunnerWorker.runSuite(SuiteRunnerWorker.java:52)
	at org.testng.SuiteRunnerWorker.run(SuiteRunnerWorker.java:86)
	at org.testng.TestNG.runSuitesSequentially(TestNG.java:1191)
	at org.testng.TestNG.runSuitesLocally(TestNG.java:1116)
	at org.testng.TestNG.run(TestNG.java:1024)
	at org.testng.remote.AbstractRemoteTestNG.run(AbstractRemoteTestNG.java:114)
	at org.testng.remote.RemoteTestNG.initAndRun(RemoteTestNG.java:251)
	at org.testng.remote.RemoteTestNG.main(RemoteTestNG.java:77)
</pre></div></td>
<td>316</td>
<td>test.cases.TimeandLabour.Create_exceptionPWTLX001_FT_Exception_37_5_Test@887af79</td></tr>
<tr>
<td title='test.cases.TimeandLabour.Create_exceptionPWTLX001_FT_Positive_37_5_Test.EnterTimeToCreateException()'><b>EnterTimeToCreateException</b><br>Test class: test.cases.TimeandLabour.Create_exceptionPWTLX001_FT_Positive_37_5_Test<br>Test method: Enter Time Sheet  Test  for 37.5 FT Posative Time Reporter Test</td>
<td><div><pre>java.lang.NullPointerException
	at utilities.ExcelUtils.setCellData(ExcelUtils.java:65)
	at test.cases.TimeandLabour.Create_exceptionPWTLX001_FT_Positive_37_5_Test.EnterTimeToCreateException(Create_exceptionPWTLX001_FT_Positive_37_5_Test.java:61)
... Removed 24 stack frames</pre></div><a href='#' onClick='toggleBox("stack-trace197272390", this, "Click to show all stack frames", "Click to hide stack frames")'>Click to show all stack frames</a>
<div class='stack-trace' id='stack-trace197272390'><pre>java.lang.NullPointerException
	at utilities.ExcelUtils.setCellData(ExcelUtils.java:65)
	at test.cases.TimeandLabour.Create_exceptionPWTLX001_FT_Positive_37_5_Test.EnterTimeToCreateException(Create_exceptionPWTLX001_FT_Positive_37_5_Test.java:61)
	at sun.reflect.NativeMethodAccessorImpl.invoke0(Native Method)
	at sun.reflect.NativeMethodAccessorImpl.invoke(NativeMethodAccessorImpl.java:62)
	at sun.reflect.DelegatingMethodAccessorImpl.invoke(DelegatingMethodAccessorImpl.java:43)
	at java.lang.reflect.Method.invoke(Method.java:498)
	at org.testng.internal.MethodInvocationHelper.invokeMethod(MethodInvocationHelper.java:85)
	at org.testng.internal.Invoker.invokeMethod(Invoker.java:639)
	at org.testng.internal.Invoker.invokeTestMethod(Invoker.java:816)
	at org.testng.internal.Invoker.invokeTestMethods(Invoker.java:1124)
	at org.testng.internal.TestMethodWorker.invokeTestMethods(TestMethodWorker.java:125)
	at org.testng.internal.TestMethodWorker.run(TestMethodWorker.java:108)
	at org.testng.TestRunner.privateRun(TestRunner.java:774)
	at org.testng.TestRunner.run(TestRunner.java:624)
	at org.testng.SuiteRunner.runTest(SuiteRunner.java:359)
	at org.testng.SuiteRunner.runSequentially(SuiteRunner.java:354)
	at org.testng.SuiteRunner.privateRun(SuiteRunner.java:312)
	at org.testng.SuiteRunner.run(SuiteRunner.java:261)
	at org.testng.SuiteRunnerWorker.runSuite(SuiteRunnerWorker.java:52)
	at org.testng.SuiteRunnerWorker.run(SuiteRunnerWorker.java:86)
	at org.testng.TestNG.runSuitesSequentially(TestNG.java:1191)
	at org.testng.TestNG.runSuitesLocally(TestNG.java:1116)
	at org.testng.TestNG.run(TestNG.java:1024)
	at org.testng.remote.AbstractRemoteTestNG.run(AbstractRemoteTestNG.java:114)
	at org.testng.remote.RemoteTestNG.initAndRun(RemoteTestNG.java:251)
	at org.testng.remote.RemoteTestNG.main(RemoteTestNG.java:77)
</pre></div></td>
<td>182</td>
<td>test.cases.TimeandLabour.Create_exceptionPWTLX001_FT_Positive_37_5_Test@7fac631b</td></tr>
<tr>
<td title='test.cases.TimeandLabour.Create_exceptionPWTLX001_PT_Exception_37_5_Test.EnterTimeToCreateException()'><b>EnterTimeToCreateException</b><br>Test class: test.cases.TimeandLabour.Create_exceptionPWTLX001_PT_Exception_37_5_Test<br>Test method: Enter Time Sheet  Test Test</td>
<td><div><pre>org.openqa.selenium.TimeoutException: Expected condition failed: waiting for visibility of element located by By.id: DERIVED_ETEO_SAVE_PB (tried for 30 second(s) with 3000 milliseconds interval)
	at org.openqa.selenium.support.ui.FluentWait.timeoutException(FluentWait.java:303)
	at org.openqa.selenium.support.ui.FluentWait.until(FluentWait.java:271)
	at utilities.BaseClass.getElementByID(BaseClass.java:139)
	at pages.objects.TL.TL_ManagerSelfService_TimeSheetPage.OK(TL_ManagerSelfService_TimeSheetPage.java:66)
	at processes.TimeandLabour.SelfService_EnterTimeSheetProcess.ExceptionTimeSheet(SelfService_EnterTimeSheetProcess.java:116)
	at test.cases.TimeandLabour.Create_exceptionPWTLX001_PT_Exception_37_5_Test.EnterTimeToCreateException(Create_exceptionPWTLX001_PT_Exception_37_5_Test.java:41)
Caused by: org.openqa.selenium.NoSuchElementException: Cannot locate an element using By.id: DERIVED_ETEO_SAVE_PB
For documentation on this error, please visit: http://seleniumhq.org/exceptions/no_such_element.html
Build info: version: &apos;3.12.0&apos;, revision: &apos;7c6e0b3&apos;, time: &apos;2018-05-08T14:04:26.12Z&apos;
System info: host: &apos;E053677-VM1&apos;, ip: &apos;172.19.250.238&apos;, os.name: &apos;Windows 7&apos;, os.arch: &apos;amd64&apos;, os.version: &apos;6.1&apos;, java.version: &apos;1.8.0_181&apos;
Driver info: driver.version: unknown
	at org.openqa.selenium.support.ui.ExpectedConditions.lambda$findElement$0(ExpectedConditions.java:896)
	at java.util.Optional.orElseThrow(Optional.java:290)
	at org.openqa.selenium.support.ui.ExpectedConditions.findElement(ExpectedConditions.java:895)
	at org.openqa.selenium.support.ui.ExpectedConditions.access$000(ExpectedConditions.java:44)
	at org.openqa.selenium.support.ui.ExpectedConditions$7.apply(ExpectedConditions.java:206)
	at org.openqa.selenium.support.ui.ExpectedConditions$7.apply(ExpectedConditions.java:202)
	at org.openqa.selenium.support.ui.FluentWait.until(FluentWait.java:248)
	... 28 more
... Removed 24 stack frames</pre></div><a href='#' onClick='toggleBox("stack-trace1466637686", this, "Click to show all stack frames", "Click to hide stack frames")'>Click to show all stack frames</a>
<div class='stack-trace' id='stack-trace1466637686'><pre>org.openqa.selenium.TimeoutException: Expected condition failed: waiting for visibility of element located by By.id: DERIVED_ETEO_SAVE_PB (tried for 30 second(s) with 3000 milliseconds interval)
	at org.openqa.selenium.support.ui.FluentWait.timeoutException(FluentWait.java:303)
	at org.openqa.selenium.support.ui.FluentWait.until(FluentWait.java:271)
	at utilities.BaseClass.getElementByID(BaseClass.java:139)
	at pages.objects.TL.TL_ManagerSelfService_TimeSheetPage.OK(TL_ManagerSelfService_TimeSheetPage.java:66)
	at processes.TimeandLabour.SelfService_EnterTimeSheetProcess.ExceptionTimeSheet(SelfService_EnterTimeSheetProcess.java:116)
	at test.cases.TimeandLabour.Create_exceptionPWTLX001_PT_Exception_37_5_Test.EnterTimeToCreateException(Create_exceptionPWTLX001_PT_Exception_37_5_Test.java:41)
	at sun.reflect.NativeMethodAccessorImpl.invoke0(Native Method)
	at sun.reflect.NativeMethodAccessorImpl.invoke(NativeMethodAccessorImpl.java:62)
	at sun.reflect.DelegatingMethodAccessorImpl.invoke(DelegatingMethodAccessorImpl.java:43)
	at java.lang.reflect.Method.invoke(Method.java:498)
	at org.testng.internal.MethodInvocationHelper.invokeMethod(MethodInvocationHelper.java:85)
	at org.testng.internal.Invoker.invokeMethod(Invoker.java:639)
	at org.testng.internal.Invoker.invokeTestMethod(Invoker.java:816)
	at org.testng.internal.Invoker.invokeTestMethods(Invoker.java:1124)
	at org.testng.internal.TestMethodWorker.invokeTestMethods(TestMethodWorker.java:125)
	at org.testng.internal.TestMethodWorker.run(TestMethodWorker.java:108)
	at org.testng.TestRunner.privateRun(TestRunner.java:774)
	at org.testng.TestRunner.run(TestRunner.java:624)
	at org.testng.SuiteRunner.runTest(SuiteRunner.java:359)
	at org.testng.SuiteRunner.runSequentially(SuiteRunner.java:354)
	at org.testng.SuiteRunner.privateRun(SuiteRunner.java:312)
	at org.testng.SuiteRunner.run(SuiteRunner.java:261)
	at org.testng.SuiteRunnerWorker.runSuite(SuiteRunnerWorker.java:52)
	at org.testng.SuiteRunnerWorker.run(SuiteRunnerWorker.java:86)
	at org.testng.TestNG.runSuitesSequentially(TestNG.java:1191)
	at org.testng.TestNG.runSuitesLocally(TestNG.java:1116)
	at org.testng.TestNG.run(TestNG.java:1024)
	at org.testng.remote.AbstractRemoteTestNG.run(AbstractRemoteTestNG.java:114)
	at org.testng.remote.RemoteTestNG.initAndRun(RemoteTestNG.java:251)
	at org.testng.remote.RemoteTestNG.main(RemoteTestNG.java:77)
Caused by: org.openqa.selenium.NoSuchElementException: Cannot locate an element using By.id: DERIVED_ETEO_SAVE_PB
For documentation on this error, please visit: http://seleniumhq.org/exceptions/no_such_element.html
Build info: version: &apos;3.12.0&apos;, revision: &apos;7c6e0b3&apos;, time: &apos;2018-05-08T14:04:26.12Z&apos;
System info: host: &apos;E053677-VM1&apos;, ip: &apos;172.19.250.238&apos;, os.name: &apos;Windows 7&apos;, os.arch: &apos;amd64&apos;, os.version: &apos;6.1&apos;, java.version: &apos;1.8.0_181&apos;
Driver info: driver.version: unknown
	at org.openqa.selenium.support.ui.ExpectedConditions.lambda$findElement$0(ExpectedConditions.java:896)
	at java.util.Optional.orElseThrow(Optional.java:290)
	at org.openqa.selenium.support.ui.ExpectedConditions.findElement(ExpectedConditions.java:895)
	at org.openqa.selenium.support.ui.ExpectedConditions.access$000(ExpectedConditions.java:44)
	at org.openqa.selenium.support.ui.ExpectedConditions$7.apply(ExpectedConditions.java:206)
	at org.openqa.selenium.support.ui.ExpectedConditions$7.apply(ExpectedConditions.java:202)
	at org.openqa.selenium.support.ui.FluentWait.until(FluentWait.java:248)
	... 28 more
</pre></div></td>
<td>119</td>
<td>test.cases.TimeandLabour.Create_exceptionPWTLX001_PT_Exception_37_5_Test@5b87ed94</td></tr>
<tr>
<td title='test.cases.TimeandLabour.CR3864_Security.E148_CR3864_NonS34ManagerAccessManagerSelfServiceTest.NonS34ManagerAccessMSS()'><b>NonS34ManagerAccessMSS</b><br>Test class: test.cases.TimeandLabour.CR3864_Security.E148_CR3864_NonS34ManagerAccessManagerSelfServiceTest<br>Test method: None S34 Manager Access   Test</td>
<td><div><pre>java.lang.Exception
	at utilities.Utils.takeScreenshot(Utils.java:161)
	at test.cases.TimeandLabour.CR3864_Security.E148_CR3864_NonS34ManagerAccessManagerSelfServiceTest.NonS34ManagerAccessMSS(E148_CR3864_NonS34ManagerAccessManagerSelfServiceTest.java:61)
... Removed 24 stack frames</pre></div><a href='#' onClick='toggleBox("stack-trace189971579", this, "Click to show all stack frames", "Click to hide stack frames")'>Click to show all stack frames</a>
<div class='stack-trace' id='stack-trace189971579'><pre>java.lang.Exception
	at utilities.Utils.takeScreenshot(Utils.java:161)
	at test.cases.TimeandLabour.CR3864_Security.E148_CR3864_NonS34ManagerAccessManagerSelfServiceTest.NonS34ManagerAccessMSS(E148_CR3864_NonS34ManagerAccessManagerSelfServiceTest.java:61)
	at sun.reflect.NativeMethodAccessorImpl.invoke0(Native Method)
	at sun.reflect.NativeMethodAccessorImpl.invoke(NativeMethodAccessorImpl.java:62)
	at sun.reflect.DelegatingMethodAccessorImpl.invoke(DelegatingMethodAccessorImpl.java:43)
	at java.lang.reflect.Method.invoke(Method.java:498)
	at org.testng.internal.MethodInvocationHelper.invokeMethod(MethodInvocationHelper.java:85)
	at org.testng.internal.Invoker.invokeMethod(Invoker.java:639)
	at org.testng.internal.Invoker.invokeTestMethod(Invoker.java:816)
	at org.testng.internal.Invoker.invokeTestMethods(Invoker.java:1124)
	at org.testng.internal.TestMethodWorker.invokeTestMethods(TestMethodWorker.java:125)
	at org.testng.internal.TestMethodWorker.run(TestMethodWorker.java:108)
	at org.testng.TestRunner.privateRun(TestRunner.java:774)
	at org.testng.TestRunner.run(TestRunner.java:624)
	at org.testng.SuiteRunner.runTest(SuiteRunner.java:359)
	at org.testng.SuiteRunner.runSequentially(SuiteRunner.java:354)
	at org.testng.SuiteRunner.privateRun(SuiteRunner.java:312)
	at org.testng.SuiteRunner.run(SuiteRunner.java:261)
	at org.testng.SuiteRunnerWorker.runSuite(SuiteRunnerWorker.java:52)
	at org.testng.SuiteRunnerWorker.run(SuiteRunnerWorker.java:86)
	at org.testng.TestNG.runSuitesSequentially(TestNG.java:1191)
	at org.testng.TestNG.runSuitesLocally(TestNG.java:1116)
	at org.testng.TestNG.run(TestNG.java:1024)
	at org.testng.remote.AbstractRemoteTestNG.run(AbstractRemoteTestNG.java:114)
	at org.testng.remote.RemoteTestNG.initAndRun(RemoteTestNG.java:251)
	at org.testng.remote.RemoteTestNG.main(RemoteTestNG.java:77)
</pre></div></td>
<td>0</td>
<td>test.cases.TimeandLabour.CR3864_Security.E148_CR3864_NonS34ManagerAccessManagerSelfServiceTest@6ddf90b0</td></tr>
<tr>
<td title='test.cases.TimeandLabour.CR3864_Functional.E148_CR3864_S34ManagerCreateRelationshipwithExistingRowinPW_S34_EMPL_MGRTest.S34ManagerSelectOneEmployeeExistingRelation()'><b>S34ManagerSelectOneEmployeeExistingRelation</b><br>Test class: test.cases.TimeandLabour.CR3864_Functional.E148_CR3864_S34ManagerCreateRelationshipwithExistingRowinPW_S34_EMPL_MGRTest<br>Test method: S34 Manager with already exist realtionship  Test</td>
<td><div><pre>java.lang.NullPointerException
	at utilities.ExcelUtils.setCellData(ExcelUtils.java:65)
	at test.cases.TimeandLabour.CR3864_Functional.E148_CR3864_S34ManagerCreateRelationshipwithExistingRowinPW_S34_EMPL_MGRTest.S34ManagerSelectOneEmployeeExistingRelation(E148_CR3864_S34ManagerCreateRelationshipwithExistingRowinPW_S34_EMPL_MGRTest.java:44)
... Removed 24 stack frames</pre></div><a href='#' onClick='toggleBox("stack-trace1800856587", this, "Click to show all stack frames", "Click to hide stack frames")'>Click to show all stack frames</a>
<div class='stack-trace' id='stack-trace1800856587'><pre>java.lang.NullPointerException
	at utilities.ExcelUtils.setCellData(ExcelUtils.java:65)
	at test.cases.TimeandLabour.CR3864_Functional.E148_CR3864_S34ManagerCreateRelationshipwithExistingRowinPW_S34_EMPL_MGRTest.S34ManagerSelectOneEmployeeExistingRelation(E148_CR3864_S34ManagerCreateRelationshipwithExistingRowinPW_S34_EMPL_MGRTest.java:44)
	at sun.reflect.NativeMethodAccessorImpl.invoke0(Native Method)
	at sun.reflect.NativeMethodAccessorImpl.invoke(NativeMethodAccessorImpl.java:62)
	at sun.reflect.DelegatingMethodAccessorImpl.invoke(DelegatingMethodAccessorImpl.java:43)
	at java.lang.reflect.Method.invoke(Method.java:498)
	at org.testng.internal.MethodInvocationHelper.invokeMethod(MethodInvocationHelper.java:85)
	at org.testng.internal.Invoker.invokeMethod(Invoker.java:639)
	at org.testng.internal.Invoker.invokeTestMethod(Invoker.java:816)
	at org.testng.internal.Invoker.invokeTestMethods(Invoker.java:1124)
	at org.testng.internal.TestMethodWorker.invokeTestMethods(TestMethodWorker.java:125)
	at org.testng.internal.TestMethodWorker.run(TestMethodWorker.java:108)
	at org.testng.TestRunner.privateRun(TestRunner.java:774)
	at org.testng.TestRunner.run(TestRunner.java:624)
	at org.testng.SuiteRunner.runTest(SuiteRunner.java:359)
	at org.testng.SuiteRunner.runSequentially(SuiteRunner.java:354)
	at org.testng.SuiteRunner.privateRun(SuiteRunner.java:312)
	at org.testng.SuiteRunner.run(SuiteRunner.java:261)
	at org.testng.SuiteRunnerWorker.runSuite(SuiteRunnerWorker.java:52)
	at org.testng.SuiteRunnerWorker.run(SuiteRunnerWorker.java:86)
	at org.testng.TestNG.runSuitesSequentially(TestNG.java:1191)
	at org.testng.TestNG.runSuitesLocally(TestNG.java:1116)
	at org.testng.TestNG.run(TestNG.java:1024)
	at org.testng.remote.AbstractRemoteTestNG.run(AbstractRemoteTestNG.java:114)
	at org.testng.remote.RemoteTestNG.initAndRun(RemoteTestNG.java:251)
	at org.testng.remote.RemoteTestNG.main(RemoteTestNG.java:77)
</pre></div></td>
<td>127</td>
<td>test.cases.TimeandLabour.CR3864_Functional.E148_CR3864_S34ManagerCreateRelationshipwithExistingRowinPW_S34_EMPL_MGRTest@4f970963</td></tr>
<tr>
<td title='test.cases.TimeandLabour.CR3864_Functional.E148_CR3864_S34ManagerSelectEmployeeWithUnapprovedTimeTest.S34ManagerWithMultilpeEmployee()'><b>S34ManagerWithMultilpeEmployee</b><br>Test class: test.cases.TimeandLabour.CR3864_Functional.E148_CR3864_S34ManagerSelectEmployeeWithUnapprovedTimeTest<br>Test method: S34ManagerSelectEmployeeWithUnapprovedTimeTestTest</td>
<td><div><pre>java.lang.NullPointerException
	at utilities.ExcelUtils.setCellData(ExcelUtils.java:65)
	at test.cases.TimeandLabour.CR3864_Functional.E148_CR3864_S34ManagerSelectEmployeeWithUnapprovedTimeTest.S34ManagerWithMultilpeEmployee(E148_CR3864_S34ManagerSelectEmployeeWithUnapprovedTimeTest.java:51)
... Removed 24 stack frames</pre></div><a href='#' onClick='toggleBox("stack-trace868332656", this, "Click to show all stack frames", "Click to hide stack frames")'>Click to show all stack frames</a>
<div class='stack-trace' id='stack-trace868332656'><pre>java.lang.NullPointerException
	at utilities.ExcelUtils.setCellData(ExcelUtils.java:65)
	at test.cases.TimeandLabour.CR3864_Functional.E148_CR3864_S34ManagerSelectEmployeeWithUnapprovedTimeTest.S34ManagerWithMultilpeEmployee(E148_CR3864_S34ManagerSelectEmployeeWithUnapprovedTimeTest.java:51)
	at sun.reflect.NativeMethodAccessorImpl.invoke0(Native Method)
	at sun.reflect.NativeMethodAccessorImpl.invoke(NativeMethodAccessorImpl.java:62)
	at sun.reflect.DelegatingMethodAccessorImpl.invoke(DelegatingMethodAccessorImpl.java:43)
	at java.lang.reflect.Method.invoke(Method.java:498)
	at org.testng.internal.MethodInvocationHelper.invokeMethod(MethodInvocationHelper.java:85)
	at org.testng.internal.Invoker.invokeMethod(Invoker.java:639)
	at org.testng.internal.Invoker.invokeTestMethod(Invoker.java:816)
	at org.testng.internal.Invoker.invokeTestMethods(Invoker.java:1124)
	at org.testng.internal.TestMethodWorker.invokeTestMethods(TestMethodWorker.java:125)
	at org.testng.internal.TestMethodWorker.run(TestMethodWorker.java:108)
	at org.testng.TestRunner.privateRun(TestRunner.java:774)
	at org.testng.TestRunner.run(TestRunner.java:624)
	at org.testng.SuiteRunner.runTest(SuiteRunner.java:359)
	at org.testng.SuiteRunner.runSequentially(SuiteRunner.java:354)
	at org.testng.SuiteRunner.privateRun(SuiteRunner.java:312)
	at org.testng.SuiteRunner.run(SuiteRunner.java:261)
	at org.testng.SuiteRunnerWorker.runSuite(SuiteRunnerWorker.java:52)
	at org.testng.SuiteRunnerWorker.run(SuiteRunnerWorker.java:86)
	at org.testng.TestNG.runSuitesSequentially(TestNG.java:1191)
	at org.testng.TestNG.runSuitesLocally(TestNG.java:1116)
	at org.testng.TestNG.run(TestNG.java:1024)
	at org.testng.remote.AbstractRemoteTestNG.run(AbstractRemoteTestNG.java:114)
	at org.testng.remote.RemoteTestNG.initAndRun(RemoteTestNG.java:251)
	at org.testng.remote.RemoteTestNG.main(RemoteTestNG.java:77)
</pre></div></td>
<td>321</td>
<td>test.cases.TimeandLabour.CR3864_Functional.E148_CR3864_S34ManagerSelectEmployeeWithUnapprovedTimeTest@6325a3ee</td></tr>
<tr>
<td title='test.cases.TimeandLabour.CR3864_Functional.E148_CR3864_S34ManagermanagerdeleteEmployeeRelationSuccessTest.S34Managerdeleterelation()'><b>S34Managerdeleterelation</b><br>Test class: test.cases.TimeandLabour.CR3864_Functional.E148_CR3864_S34ManagermanagerdeleteEmployeeRelationSuccessTest<br>Test method: S34 Manager Delete Employee Relation when effective date equal to current date Test Start</td>
<td><div><pre>java.lang.NullPointerException
	at utilities.ExcelUtils.setCellData(ExcelUtils.java:65)
	at test.cases.TimeandLabour.CR3864_Functional.E148_CR3864_S34ManagermanagerdeleteEmployeeRelationSuccessTest.S34Managerdeleterelation(E148_CR3864_S34ManagermanagerdeleteEmployeeRelationSuccessTest.java:42)
... Removed 24 stack frames</pre></div><a href='#' onClick='toggleBox("stack-trace1571319241", this, "Click to show all stack frames", "Click to hide stack frames")'>Click to show all stack frames</a>
<div class='stack-trace' id='stack-trace1571319241'><pre>java.lang.NullPointerException
	at utilities.ExcelUtils.setCellData(ExcelUtils.java:65)
	at test.cases.TimeandLabour.CR3864_Functional.E148_CR3864_S34ManagermanagerdeleteEmployeeRelationSuccessTest.S34Managerdeleterelation(E148_CR3864_S34ManagermanagerdeleteEmployeeRelationSuccessTest.java:42)
	at sun.reflect.NativeMethodAccessorImpl.invoke0(Native Method)
	at sun.reflect.NativeMethodAccessorImpl.invoke(NativeMethodAccessorImpl.java:62)
	at sun.reflect.DelegatingMethodAccessorImpl.invoke(DelegatingMethodAccessorImpl.java:43)
	at java.lang.reflect.Method.invoke(Method.java:498)
	at org.testng.internal.MethodInvocationHelper.invokeMethod(MethodInvocationHelper.java:85)
	at org.testng.internal.Invoker.invokeMethod(Invoker.java:639)
	at org.testng.internal.Invoker.invokeTestMethod(Invoker.java:816)
	at org.testng.internal.Invoker.invokeTestMethods(Invoker.java:1124)
	at org.testng.internal.TestMethodWorker.invokeTestMethods(TestMethodWorker.java:125)
	at org.testng.internal.TestMethodWorker.run(TestMethodWorker.java:108)
	at org.testng.TestRunner.privateRun(TestRunner.java:774)
	at org.testng.TestRunner.run(TestRunner.java:624)
	at org.testng.SuiteRunner.runTest(SuiteRunner.java:359)
	at org.testng.SuiteRunner.runSequentially(SuiteRunner.java:354)
	at org.testng.SuiteRunner.privateRun(SuiteRunner.java:312)
	at org.testng.SuiteRunner.run(SuiteRunner.java:261)
	at org.testng.SuiteRunnerWorker.runSuite(SuiteRunnerWorker.java:52)
	at org.testng.SuiteRunnerWorker.run(SuiteRunnerWorker.java:86)
	at org.testng.TestNG.runSuitesSequentially(TestNG.java:1191)
	at org.testng.TestNG.runSuitesLocally(TestNG.java:1116)
	at org.testng.TestNG.run(TestNG.java:1024)
	at org.testng.remote.AbstractRemoteTestNG.run(AbstractRemoteTestNG.java:114)
	at org.testng.remote.RemoteTestNG.initAndRun(RemoteTestNG.java:251)
	at org.testng.remote.RemoteTestNG.main(RemoteTestNG.java:77)
</pre></div></td>
<td>114</td>
<td>test.cases.TimeandLabour.CR3864_Functional.E148_CR3864_S34ManagermanagerdeleteEmployeeRelationSuccessTest@3a5ed7a6</td></tr>
<tr>
<td title='test.cases.TimeandLabour.CR3864_Functional.E148_CR3864_TLSuperUserCreateEmpS34ManagerRelationshipTest.TLSuperUserEmp_S34Relationship()'><b>TLSuperUserEmp_S34Relationship</b><br>Test class: test.cases.TimeandLabour.CR3864_Functional.E148_CR3864_TLSuperUserCreateEmpS34ManagerRelationshipTest<br>Test method: TLSuperUserEmp_S34Relationship Test</td>
<td><div><pre>java.lang.AssertionError: ******Validation Fail Select Employee Page displayed  *****
	at processes.TimeandLabour.ManagerSelfService_UpdateS34ManagerEmployeeProcess.TLSuperUserUpdateEmployee(ManagerSelfService_UpdateS34ManagerEmployeeProcess.java:66)
	at test.cases.TimeandLabour.CR3864_Functional.E148_CR3864_TLSuperUserCreateEmpS34ManagerRelationshipTest.TLSuperUserEmp_S34Relationship(E148_CR3864_TLSuperUserCreateEmpS34ManagerRelationshipTest.java:54)
... Removed 24 stack frames</pre></div><a href='#' onClick='toggleBox("stack-trace246251034", this, "Click to show all stack frames", "Click to hide stack frames")'>Click to show all stack frames</a>
<div class='stack-trace' id='stack-trace246251034'><pre>java.lang.AssertionError: ******Validation Fail Select Employee Page displayed  *****
	at processes.TimeandLabour.ManagerSelfService_UpdateS34ManagerEmployeeProcess.TLSuperUserUpdateEmployee(ManagerSelfService_UpdateS34ManagerEmployeeProcess.java:66)
	at test.cases.TimeandLabour.CR3864_Functional.E148_CR3864_TLSuperUserCreateEmpS34ManagerRelationshipTest.TLSuperUserEmp_S34Relationship(E148_CR3864_TLSuperUserCreateEmpS34ManagerRelationshipTest.java:54)
	at sun.reflect.NativeMethodAccessorImpl.invoke0(Native Method)
	at sun.reflect.NativeMethodAccessorImpl.invoke(NativeMethodAccessorImpl.java:62)
	at sun.reflect.DelegatingMethodAccessorImpl.invoke(DelegatingMethodAccessorImpl.java:43)
	at java.lang.reflect.Method.invoke(Method.java:498)
	at org.testng.internal.MethodInvocationHelper.invokeMethod(MethodInvocationHelper.java:85)
	at org.testng.internal.Invoker.invokeMethod(Invoker.java:639)
	at org.testng.internal.Invoker.invokeTestMethod(Invoker.java:816)
	at org.testng.internal.Invoker.invokeTestMethods(Invoker.java:1124)
	at org.testng.internal.TestMethodWorker.invokeTestMethods(TestMethodWorker.java:125)
	at org.testng.internal.TestMethodWorker.run(TestMethodWorker.java:108)
	at org.testng.TestRunner.privateRun(TestRunner.java:774)
	at org.testng.TestRunner.run(TestRunner.java:624)
	at org.testng.SuiteRunner.runTest(SuiteRunner.java:359)
	at org.testng.SuiteRunner.runSequentially(SuiteRunner.java:354)
	at org.testng.SuiteRunner.privateRun(SuiteRunner.java:312)
	at org.testng.SuiteRunner.run(SuiteRunner.java:261)
	at org.testng.SuiteRunnerWorker.runSuite(SuiteRunnerWorker.java:52)
	at org.testng.SuiteRunnerWorker.run(SuiteRunnerWorker.java:86)
	at org.testng.TestNG.runSuitesSequentially(TestNG.java:1191)
	at org.testng.TestNG.runSuitesLocally(TestNG.java:1116)
	at org.testng.TestNG.run(TestNG.java:1024)
	at org.testng.remote.AbstractRemoteTestNG.run(AbstractRemoteTestNG.java:114)
	at org.testng.remote.RemoteTestNG.initAndRun(RemoteTestNG.java:251)
	at org.testng.remote.RemoteTestNG.main(RemoteTestNG.java:77)
</pre></div></td>
<td>298</td>
<td>test.cases.TimeandLabour.CR3864_Functional.E148_CR3864_TLSuperUserCreateEmpS34ManagerRelationshipTest@67b92f0a</td></tr>
<tr>
<td title='test.cases.hr.AddPersonTest.addPerson()'><b>addPerson</b><br>Test class: test.cases.hr.AddPersonTest<br>Test method: Add Person Direct Entry Test</td>
<td><div><pre>org.openqa.selenium.TimeoutException: Expected condition failed: waiting for visibility of element located by By.id: JOB_JOBCODE$0 (tried for 30 second(s) with 3000 milliseconds interval)
	at org.openqa.selenium.support.ui.FluentWait.timeoutException(FluentWait.java:303)
	at org.openqa.selenium.support.ui.FluentWait.until(FluentWait.java:271)
	at utilities.BaseClass.getElementByID(BaseClass.java:139)
	at pages.objects.HR.HR_AddPersonPage.JobCodeTextbox(HR_AddPersonPage.java:138)
	at processes.HR.AddPersonProcess.EnterJobInfomationData(AddPersonProcess.java:249)
	at test.cases.hr.AddPersonTest.addPerson(AddPersonTest.java:64)
Caused by: org.openqa.selenium.NoSuchElementException: Cannot locate an element using By.id: JOB_JOBCODE$0
For documentation on this error, please visit: http://seleniumhq.org/exceptions/no_such_element.html
Build info: version: &apos;3.12.0&apos;, revision: &apos;7c6e0b3&apos;, time: &apos;2018-05-08T14:04:26.12Z&apos;
System info: host: &apos;E053677-VM1&apos;, ip: &apos;172.19.250.238&apos;, os.name: &apos;Windows 7&apos;, os.arch: &apos;amd64&apos;, os.version: &apos;6.1&apos;, java.version: &apos;1.8.0_181&apos;
Driver info: driver.version: unknown
	at org.openqa.selenium.support.ui.ExpectedConditions.lambda$findElement$0(ExpectedConditions.java:896)
	at java.util.Optional.orElseThrow(Optional.java:290)
	at org.openqa.selenium.support.ui.ExpectedConditions.findElement(ExpectedConditions.java:895)
	at org.openqa.selenium.support.ui.ExpectedConditions.access$000(ExpectedConditions.java:44)
	at org.openqa.selenium.support.ui.ExpectedConditions$7.apply(ExpectedConditions.java:206)
	at org.openqa.selenium.support.ui.ExpectedConditions$7.apply(ExpectedConditions.java:202)
	at org.openqa.selenium.support.ui.FluentWait.until(FluentWait.java:248)
	... 28 more
... Removed 24 stack frames</pre></div><a href='#' onClick='toggleBox("stack-trace2146255654", this, "Click to show all stack frames", "Click to hide stack frames")'>Click to show all stack frames</a>
<div class='stack-trace' id='stack-trace2146255654'><pre>org.openqa.selenium.TimeoutException: Expected condition failed: waiting for visibility of element located by By.id: JOB_JOBCODE$0 (tried for 30 second(s) with 3000 milliseconds interval)
	at org.openqa.selenium.support.ui.FluentWait.timeoutException(FluentWait.java:303)
	at org.openqa.selenium.support.ui.FluentWait.until(FluentWait.java:271)
	at utilities.BaseClass.getElementByID(BaseClass.java:139)
	at pages.objects.HR.HR_AddPersonPage.JobCodeTextbox(HR_AddPersonPage.java:138)
	at processes.HR.AddPersonProcess.EnterJobInfomationData(AddPersonProcess.java:249)
	at test.cases.hr.AddPersonTest.addPerson(AddPersonTest.java:64)
	at sun.reflect.NativeMethodAccessorImpl.invoke0(Native Method)
	at sun.reflect.NativeMethodAccessorImpl.invoke(NativeMethodAccessorImpl.java:62)
	at sun.reflect.DelegatingMethodAccessorImpl.invoke(DelegatingMethodAccessorImpl.java:43)
	at java.lang.reflect.Method.invoke(Method.java:498)
	at org.testng.internal.MethodInvocationHelper.invokeMethod(MethodInvocationHelper.java:85)
	at org.testng.internal.Invoker.invokeMethod(Invoker.java:639)
	at org.testng.internal.Invoker.invokeTestMethod(Invoker.java:816)
	at org.testng.internal.Invoker.invokeTestMethods(Invoker.java:1124)
	at org.testng.internal.TestMethodWorker.invokeTestMethods(TestMethodWorker.java:125)
	at org.testng.internal.TestMethodWorker.run(TestMethodWorker.java:108)
	at org.testng.TestRunner.privateRun(TestRunner.java:774)
	at org.testng.TestRunner.run(TestRunner.java:624)
	at org.testng.SuiteRunner.runTest(SuiteRunner.java:359)
	at org.testng.SuiteRunner.runSequentially(SuiteRunner.java:354)
	at org.testng.SuiteRunner.privateRun(SuiteRunner.java:312)
	at org.testng.SuiteRunner.run(SuiteRunner.java:261)
	at org.testng.SuiteRunnerWorker.runSuite(SuiteRunnerWorker.java:52)
	at org.testng.SuiteRunnerWorker.run(SuiteRunnerWorker.java:86)
	at org.testng.TestNG.runSuitesSequentially(TestNG.java:1191)
	at org.testng.TestNG.runSuitesLocally(TestNG.java:1116)
	at org.testng.TestNG.run(TestNG.java:1024)
	at org.testng.remote.AbstractRemoteTestNG.run(AbstractRemoteTestNG.java:114)
	at org.testng.remote.RemoteTestNG.initAndRun(RemoteTestNG.java:251)
	at org.testng.remote.RemoteTestNG.main(RemoteTestNG.java:77)
Caused by: org.openqa.selenium.NoSuchElementException: Cannot locate an element using By.id: JOB_JOBCODE$0
For documentation on this error, please visit: http://seleniumhq.org/exceptions/no_such_element.html
Build info: version: &apos;3.12.0&apos;, revision: &apos;7c6e0b3&apos;, time: &apos;2018-05-08T14:04:26.12Z&apos;
System info: host: &apos;E053677-VM1&apos;, ip: &apos;172.19.250.238&apos;, os.name: &apos;Windows 7&apos;, os.arch: &apos;amd64&apos;, os.version: &apos;6.1&apos;, java.version: &apos;1.8.0_181&apos;
Driver info: driver.version: unknown
	at org.openqa.selenium.support.ui.ExpectedConditions.lambda$findElement$0(ExpectedConditions.java:896)
	at java.util.Optional.orElseThrow(Optional.java:290)
	at org.openqa.selenium.support.ui.ExpectedConditions.findElement(ExpectedConditions.java:895)
	at org.openqa.selenium.support.ui.ExpectedConditions.access$000(ExpectedConditions.java:44)
	at org.openqa.selenium.support.ui.ExpectedConditions$7.apply(ExpectedConditions.java:206)
	at org.openqa.selenium.support.ui.ExpectedConditions$7.apply(ExpectedConditions.java:202)
	at org.openqa.selenium.support.ui.FluentWait.until(FluentWait.java:248)
	... 28 more
</pre></div></td>
<td>108</td>
<td>test.cases.hr.AddPersonTest@eec5a4a</td></tr>
</table><p>
<table width='100%' border='1' class='invocation-passed'>
<tr><td colspan='4' align='center'><b>PASSED TESTS</b></td></tr>
<tr><td><b>Test method</b></td>
<td width="30%"><b>Exception</b></td>
<td width="10%"><b>Time (seconds)</b></td>
<td><b>Instance</b></td>
</tr>
<tr>
<td title='test.cases.TimeandLabour.MSS_ApprovePayableTimeTest.EnterTimeSheetByWeekSelfService()'><b>EnterTimeSheetByWeekSelfService</b><br>Test class: test.cases.TimeandLabour.MSS_ApprovePayableTimeTest<br>Test method: View Payable Time TRC Test</td>
<td></td>
<td>85</td>
<td>test.cases.TimeandLabour.MSS_ApprovePayableTimeTest@185d8b6</td></tr>
<tr>
<td title='test.cases.TimeandLabour.ESS_ViewPayableTimeTest.EnterTimeSheetByWeekSelfService()'><b>EnterTimeSheetByWeekSelfService</b><br>Test class: test.cases.TimeandLabour.ESS_ViewPayableTimeTest<br>Test method: View Payable Time TRC Test</td>
<td></td>
<td>49</td>
<td>test.cases.TimeandLabour.ESS_ViewPayableTimeTest@67784306</td></tr>
<tr>
<td title='test.cases.TimeandLabour.CR3864_Security.E148_CR3864_NonSuperUserAccessPreConditionTest.NonS34ManagerAccessPrecondition()'><b>NonS34ManagerAccessPrecondition</b><br>Test class: test.cases.TimeandLabour.CR3864_Security.E148_CR3864_NonSuperUserAccessPreConditionTest<br>Test method: NonS34Manager Access Manager SelfService PreConditon Test</td>
<td></td>
<td>40</td>
<td>test.cases.TimeandLabour.CR3864_Security.E148_CR3864_NonSuperUserAccessPreConditionTest@57536d79</td></tr>
<tr>
<td title='test.cases.TimeandLabour.CR3864_Security.E148_CR3864_NonSuperUserAccessManagerSelfServiceTest.NonSuperUserAccessMSS()'><b>NonSuperUserAccessMSS</b><br>Test class: test.cases.TimeandLabour.CR3864_Security.E148_CR3864_NonSuperUserAccessManagerSelfServiceTest<br>Test method:  NonSuperUser Access   Test</td>
<td></td>
<td>19</td>
<td>test.cases.TimeandLabour.CR3864_Security.E148_CR3864_NonSuperUserAccessManagerSelfServiceTest@3b0143d3</td></tr>
<tr>
<td title='test.cases.TimeandLabour.CR3999_Functional.E149_084_CR3999_UsernotAttachedToTLConfigRoleTest.NonSuperUserAccessMSS()'><b>NonSuperUserAccessMSS</b><br>Test class: test.cases.TimeandLabour.CR3999_Functional.E149_084_CR3999_UsernotAttachedToTLConfigRoleTest<br>Test method:  TLConfig Role Test</td>
<td></td>
<td>13</td>
<td>test.cases.TimeandLabour.CR3999_Functional.E149_084_CR3999_UsernotAttachedToTLConfigRoleTest@5bc79255</td></tr>
<tr>
<td title='test.cases.TimeandLabour.CR3864_Security.E148_CR3864_NonS34ManagerAccessPreConditionTest.NonSuperUserAccessPrecondition()'><b>NonSuperUserAccessPrecondition</b><br>Test class: test.cases.TimeandLabour.CR3864_Security.E148_CR3864_NonS34ManagerAccessPreConditionTest<br>Test method: NonS34Manager Access Manager SelfService PreConditon Test</td>
<td></td>
<td>34</td>
<td>test.cases.TimeandLabour.CR3864_Security.E148_CR3864_NonS34ManagerAccessPreConditionTest@2b2948e2</td></tr>
<tr>
<td title='test.cases.TimeandLabour.CR3864_Security.E148_CR3864_S34ManagerAccessPreConditionTest.S34ManagerAccessPrecondition()'><b>S34ManagerAccessPrecondition</b><br>Test class: test.cases.TimeandLabour.CR3864_Security.E148_CR3864_S34ManagerAccessPreConditionTest<br>Test method: S34Manager Access UpdateS34Manager Page PreConditon Test</td>
<td></td>
<td>33</td>
<td>test.cases.TimeandLabour.CR3864_Security.E148_CR3864_S34ManagerAccessPreConditionTest@5a8e6209</td></tr>
<tr>
<td title='test.cases.TimeandLabour.CR3864_Security.E148_CR3864_S34ManagerAccessUpdateS34ManagerEmployeeTest.S34ManagerAccessUpdateEmployee()'><b>S34ManagerAccessUpdateEmployee</b><br>Test class: test.cases.TimeandLabour.CR3864_Security.E148_CR3864_S34ManagerAccessUpdateS34ManagerEmployeeTest<br>Test method: S34 Manager UpdateEmployee Access   Test</td>
<td></td>
<td>62</td>
<td>test.cases.TimeandLabour.CR3864_Security.E148_CR3864_S34ManagerAccessUpdateS34ManagerEmployeeTest@4b4523f8</td></tr>
<tr>
<td title='test.cases.TimeandLabour.CR3864_Functional.E148_CR3864_S34Manager1BUSelectonly1EmployeeTest.S34ManagerSelectOneEmployee()'><b>S34ManagerSelectOneEmployee</b><br>Test class: test.cases.TimeandLabour.CR3864_Functional.E148_CR3864_S34Manager1BUSelectonly1EmployeeTest<br>Test method: S34 Manager with 1BU select only 1 Employee Test</td>
<td></td>
<td>258</td>
<td>test.cases.TimeandLabour.CR3864_Functional.E148_CR3864_S34Manager1BUSelectonly1EmployeeTest@61f8bee4</td></tr>
<tr>
<td title='test.cases.TimeandLabour.CR3864_Functional.E148_CR3864_S34ManagerEndDateGraterThenMaxSelectionDateErrorTest.S34ManagerSelectionDate()'><b>S34ManagerSelectionDate</b><br>Test class: test.cases.TimeandLabour.CR3864_Functional.E148_CR3864_S34ManagerEndDateGraterThenMaxSelectionDateErrorTest<br>Test method: S34 Manager End Date is Grather then max selection date Test Start</td>
<td></td>
<td>81</td>
<td>test.cases.TimeandLabour.CR3864_Functional.E148_CR3864_S34ManagerEndDateGraterThenMaxSelectionDateErrorTest@2b9627bc</td></tr>
<tr>
<td title='test.cases.TimeandLabour.CR3864_Functional.E148_CR3864_S34ManagerEnterTimeTest.S34ManagerSubmitTimeSheet()'><b>S34ManagerSubmitTimeSheet</b><br>Test class: test.cases.TimeandLabour.CR3864_Functional.E148_CR3864_S34ManagerEnterTimeTest<br>Test method: Enter Time Sheet Manager SelfService  Test</td>
<td></td>
<td>90</td>
<td>test.cases.TimeandLabour.CR3864_Functional.E148_CR3864_S34ManagerEnterTimeTest@7791a895</td></tr>
<tr>
<td title='test.cases.TimeandLabour.CR3864_Functional.E148_CR3864_S34ManagerDeletRelationshipwithDiffrentOPRIDTest.S34ManagerWithDiffrentOPRID()'><b>S34ManagerWithDiffrentOPRID</b><br>Test class: test.cases.TimeandLabour.CR3864_Functional.E148_CR3864_S34ManagerDeletRelationshipwithDiffrentOPRIDTest<br>Test method: S34 Manager Delete Relation with Diffrent OPRID Test</td>
<td></td>
<td>135</td>
<td>test.cases.TimeandLabour.CR3864_Functional.E148_CR3864_S34ManagerDeletRelationshipwithDiffrentOPRIDTest@65e2dbf3</td></tr>
<tr>
<td title='test.cases.TimeandLabour.CR3864_Functional.E148_CR3864_S34Manager1BUCreateRelationEmployeeWithMultipleRecordTest.S34ManagerWithMultilpeEmployee()'><b>S34ManagerWithMultilpeEmployee</b><br>Test class: test.cases.TimeandLabour.CR3864_Functional.E148_CR3864_S34Manager1BUCreateRelationEmployeeWithMultipleRecordTest<br>Test method: S34 Manager with 1BU Create relation with Employee with multiple Record Test</td>
<td></td>
<td>246</td>
<td>test.cases.TimeandLabour.CR3864_Functional.E148_CR3864_S34Manager1BUCreateRelationEmployeeWithMultipleRecordTest@7b49cea0</td></tr>
<tr>
<td title='test.cases.TimeandLabour.CR3864_Functional.E148_CR3864_S34ManagermanagerdeleteEmployeeRelationErrorTest.S34Managerdeleterelation()'><b>S34Managerdeleterelation</b><br>Test class: test.cases.TimeandLabour.CR3864_Functional.E148_CR3864_S34ManagermanagerdeleteEmployeeRelationErrorTest<br>Test method: S34 Manager Delete Employee Relation display Error if effective date is less then current date Test Start</td>
<td></td>
<td>76</td>
<td>test.cases.TimeandLabour.CR3864_Functional.E148_CR3864_S34ManagermanagerdeleteEmployeeRelationErrorTest@1d16f93d</td></tr>
<tr>
<td title='test.cases.YearEnd.YearEndReviewT4SlipTest.SearchEmployee()'><b>SearchEmployee</b><br>Test class: test.cases.YearEnd.YearEndReviewT4SlipTest<br>Test method: Year End Search Employee Test</td>
<td></td>
<td>55</td>
<td>test.cases.YearEnd.YearEndReviewT4SlipTest@335eadca</td></tr>
<tr>
<td title='test.cases.YearEnd.YearEndAmendCancelSlipTest.SearchEmployee()'><b>SearchEmployee</b><br>Test class: test.cases.YearEnd.YearEndAmendCancelSlipTest<br>Test method: Year End Search Employee Test.. Edit T4 Box </td>
<td></td>
<td>53</td>
<td>test.cases.YearEnd.YearEndAmendCancelSlipTest@210366b4</td></tr>
<tr>
<td title='test.cases.TimeandLabour.CR3864_Security.E148_CR3864_TLSuperUserAccessPreConditionTest.TLSuperUserAccessPreCondition()'><b>TLSuperUserAccessPreCondition</b><br>Test class: test.cases.TimeandLabour.CR3864_Security.E148_CR3864_TLSuperUserAccessPreConditionTest<br>Test method: TLSuper UserAccess PreConditon Test</td>
<td></td>
<td>28</td>
<td>test.cases.TimeandLabour.CR3864_Security.E148_CR3864_TLSuperUserAccessPreConditionTest@1f28c152</td></tr>
<tr>
<td title='test.cases.TimeandLabour.CR3864_Security.E148_CR3864_TLSuperUserAccessUpdateS34ManagerEmployeeTest.TLSuperUserS34AccessUpdateEmployee()'><b>TLSuperUserS34AccessUpdateEmployee</b><br>Test class: test.cases.TimeandLabour.CR3864_Security.E148_CR3864_TLSuperUserAccessUpdateS34ManagerEmployeeTest<br>Test method: TLSuperUser UpdateEmployee Access   Test</td>
<td></td>
<td>91</td>
<td>test.cases.TimeandLabour.CR3864_Security.E148_CR3864_TLSuperUserAccessUpdateS34ManagerEmployeeTest@7d907bac</td></tr>
<tr>
<td title='test.cases.TimeandLabour.CR3864_Security.E148_CR3864_TimekeeperAccessPreConditionTest.TimeKeeperAccessPreCondition()'><b>TimeKeeperAccessPreCondition</b><br>Test class: test.cases.TimeandLabour.CR3864_Security.E148_CR3864_TimekeeperAccessPreConditionTest<br>Test method: Time Keeper Access UpdateS34Manager Employee PreConditon Test</td>
<td></td>
<td>36</td>
<td>test.cases.TimeandLabour.CR3864_Security.E148_CR3864_TimekeeperAccessPreConditionTest@731a74c</td></tr>
<tr>
<td title='test.cases.TimeandLabour.CR3864_Security.E148_CR3864_TimekeeperUserAccessUpdateS34ManagerEmployeeTest.TimekeeperAccessS34UpdateEmployee()'><b>TimekeeperAccessS34UpdateEmployee</b><br>Test class: test.cases.TimeandLabour.CR3864_Security.E148_CR3864_TimekeeperUserAccessUpdateS34ManagerEmployeeTest<br>Test method: Timekeeper UpdateEmployee Access   Test</td>
<td></td>
<td>26</td>
<td>test.cases.TimeandLabour.CR3864_Security.E148_CR3864_TimekeeperUserAccessUpdateS34ManagerEmployeeTest@369f73a2</td></tr>
<tr>
<td title='test.cases.TimeandLabour.MSS_ViewPayableTimeTest.ViewPayableTimeMS()'><b>ViewPayableTimeMS</b><br>Test class: test.cases.TimeandLabour.MSS_ViewPayableTimeTest<br>Test method:  MS View Payable Time TRC Test</td>
<td></td>
<td>94</td>
<td>test.cases.TimeandLabour.MSS_ViewPayableTimeTest@6f1fba17</td></tr>
<tr>
<td title='test.cases.TimeandLabour.CR3999_Functional.E149_083_CR3999_TLConfigRoleUserSearchPW_SCHD_ED_RPT_viaQueryManagerTest.tlConfigUserSearchPW_SCHD_ED_RPT()'><b>tlConfigUserSearchPW_SCHD_ED_RPT</b><br>Test class: test.cases.TimeandLabour.CR3999_Functional.E149_083_CR3999_TLConfigRoleUserSearchPW_SCHD_ED_RPT_viaQueryManagerTest<br>Test method:  TLConfig user serach  PW SCHD ED RPT table Test</td>
<td></td>
<td>68</td>
<td>test.cases.TimeandLabour.CR3999_Functional.E149_083_CR3999_TLConfigRoleUserSearchPW_SCHD_ED_RPT_viaQueryManagerTest@6e0e048a</td></tr>
</table><p>
</body>
</html>